<?xml version="1.0" encoding="UTF-8"?>
<!-- Generated by org.testng.reporters.JUnitReportReporter -->
<testsuite hostname="DESKTOP-BQPVLVH" failures="0" tests="4" name="tests.End2EndTest" time="2.245" errors="0" timestamp="2024-02-17T02:45:34 EET" skipped="0">
  <testcase classname="tests.End2EndTest" name="Test_valid_login" time="1.652"/>
  <system-out/>
  <testcase classname="tests.End2EndTest" name="PrintTitleOfDashoardPage" time="0.013"/>
  <system-out/>
  <testcase classname="tests.End2EndTest" name="Test_valid_logout" time="0.293"/>
  <system-out/>
  <testcase classname="tests.End2EndTest" name="tearDown" time="0.287"/>
  <system-out/>
</testsuite> <!-- tests.End2EndTest -->
