<?xml version="1.0" encoding="UTF-8"?>
<!-- Generated by org.testng.reporters.JUnitReportReporter -->
<testsuite hostname="DESKTOP-BQPVLVH" failures="0" tests="4" name="tests.LoginTest" time="2.305" errors="0" timestamp="2024-02-17T02:38:05 EET" skipped="0">
  <testcase classname="tests.LoginTest" name="Test_valid_login" time="1.656"/>
  <system-out/>
  <testcase classname="tests.LoginTest" name="PrintTitleOfDashoardPage" time="0.010"/>
  <system-out/>
  <testcase classname="tests.LoginTest" name="Test_valid_logout" time="0.299"/>
  <system-out/>
  <testcase classname="tests.LoginTest" name="tearDown" time="0.340"/>
  <system-out/>
</testsuite> <!-- tests.LoginTest -->
